<?xml version="1.0" encoding="UTF-8"?>
<coverage generated="1599749269042" clover="3.2.0">
  <project timestamp="1599749269043" name="All files">
    <metrics statements="60" coveredstatements="60" conditionals="18" coveredconditionals="18" methods="9" coveredmethods="9" elements="87" coveredelements="87" complexity="0" loc="60" ncloc="60" packages="1" files="2" classes="2"/>
    <file name="test-main.js" path="/Users/svinco/Documents/development/tdd_test/test-main.js">
      <metrics statements="2" coveredstatements="2" conditionals="0" coveredconditionals="0" methods="1" coveredmethods="1"/>
      <line num="2" count="1" type="stmt"/>
      <line num="4" count="1" type="stmt"/>
    </file>
    <file name="vending.js" path="/Users/svinco/Documents/development/tdd_test/vending.js">
      <metrics statements="58" coveredstatements="58" conditionals="18" coveredconditionals="18" methods="8" coveredmethods="8"/>
      <line num="4" count="27" type="stmt"/>
      <line num="5" count="27" type="stmt"/>
      <line num="20" count="27" type="stmt"/>
      <line num="38" count="27" type="stmt"/>
      <line num="60" count="27" type="stmt"/>
      <line num="61" count="27" type="stmt"/>
      <line num="63" count="27" type="stmt"/>
      <line num="64" count="21" type="stmt"/>
      <line num="65" count="21" type="cond" truecount="2" falsecount="0"/>
      <line num="66" count="10" type="cond" truecount="2" falsecount="0"/>
      <line num="68" count="21" type="stmt"/>
      <line num="69" count="21" type="stmt"/>
      <line num="71" count="27" type="stmt"/>
      <line num="72" count="55" type="stmt"/>
      <line num="74" count="55" type="cond" truecount="2" falsecount="0"/>
      <line num="75" count="4" type="stmt"/>
      <line num="77" count="51" type="stmt"/>
      <line num="78" count="51" type="stmt"/>
      <line num="81" count="27" type="stmt"/>
      <line num="82" count="6" type="stmt"/>
      <line num="85" count="27" type="stmt"/>
      <line num="86" count="9" type="stmt"/>
      <line num="87" count="9" type="stmt"/>
      <line num="88" count="9" type="stmt"/>
      <line num="89" count="13" type="stmt"/>
      <line num="90" count="22" type="stmt"/>
      <line num="91" count="22" type="cond" truecount="2" falsecount="0"/>
      <line num="92" count="13" type="stmt"/>
      <line num="94" count="13" type="cond" truecount="2" falsecount="0"/>
      <line num="95" count="4" type="stmt"/>
      <line num="96" count="4" type="stmt"/>
      <line num="98" count="9" type="stmt"/>
      <line num="99" count="9" type="stmt"/>
      <line num="100" count="9" type="stmt"/>
      <line num="104" count="5" type="stmt"/>
      <line num="107" count="27" type="stmt"/>
      <line num="108" count="4" type="stmt"/>
      <line num="111" count="27" type="stmt"/>
      <line num="112" count="17" type="stmt"/>
      <line num="113" count="17" type="cond" truecount="2" falsecount="0"/>
      <line num="114" count="5" type="stmt"/>
      <line num="117" count="12" type="cond" truecount="2" falsecount="0"/>
      <line num="118" count="9" type="cond" truecount="2" falsecount="0"/>
      <line num="119" count="2" type="stmt"/>
      <line num="120" count="2" type="stmt"/>
      <line num="122" count="7" type="stmt"/>
      <line num="123" count="7" type="stmt"/>
      <line num="124" count="7" type="cond" truecount="2" falsecount="0"/>
      <line num="125" count="4" type="stmt"/>
      <line num="126" count="4" type="stmt"/>
      <line num="129" count="6" type="stmt"/>
      <line num="130" count="6" type="stmt"/>
      <line num="131" count="6" type="stmt"/>
      <line num="134" count="27" type="stmt"/>
      <line num="135" count="2" type="stmt"/>
      <line num="136" count="2" type="stmt"/>
      <line num="137" count="2" type="stmt"/>
      <line num="141" count="1" type="stmt"/>
    </file>
  </project>
</coverage>
