{"/Users/svinco/Documents/development/tdd_test/test-main.js": {"path":"/Users/svinco/Documents/development/tdd_test/test-main.js","statementMap":{"0":{"start":{"line":2,"column":2},"end":{"line":2,"column":15}},"1":{"start":{"line":4,"column":0},"end":{"line":4,"column":26}}},"fnMap":{"0":{"name":"testMain","decl":{"start":{"line":1,"column":9},"end":{"line":1,"column":17}},"loc":{"start":{"line":1,"column":24},"end":{"line":3,"column":1}},"line":1}},"branchMap":{},"s":{"0":1,"1":1},"f":{"0":1},"b":{},"_coverageSchema":"1a1c01bbd47fc00a2c39e90264f33305004495a9","hash":"2e3f54fca357b682d43580a0e46c84ee878396d8"}
,"/Users/svinco/Documents/development/tdd_test/vending.js": {"path":"/Users/svinco/Documents/development/tdd_test/vending.js","statementMap":{"0":{"start":{"line":4,"column":8},"end":{"line":4,"column":27}},"1":{"start":{"line":5,"column":8},"end":{"line":18,"column":10}},"2":{"start":{"line":20,"column":8},"end":{"line":36,"column":9}},"3":{"start":{"line":38,"column":8},"end":{"line":59,"column":10}},"4":{"start":{"line":60,"column":8},"end":{"line":60,"column":32}},"5":{"start":{"line":61,"column":8},"end":{"line":61,"column":30}},"6":{"start":{"line":63,"column":17},"end":{"line":70,"column":5}},"7":{"start":{"line":64,"column":29},"end":{"line":64,"column":45}},"8":{"start":{"line":65,"column":8},"end":{"line":67,"column":9}},"9":{"start":{"line":66,"column":12},"end":{"line":66,"column":109}},"10":{"start":{"line":68,"column":8},"end":{"line":68,"column":30}},"11":{"start":{"line":69,"column":8},"end":{"line":69,"column":30}},"12":{"start":{"line":71,"column":17},"end":{"line":80,"column":5}},"13":{"start":{"line":72,"column":31},"end":{"line":72,"column":56}},"14":{"start":{"line":74,"column":8},"end":{"line":79,"column":9}},"15":{"start":{"line":75,"column":12},"end":{"line":75,"column":46}},"16":{"start":{"line":77,"column":12},"end":{"line":77,"column":49}},"17":{"start":{"line":78,"column":12},"end":{"line":78,"column":49}},"18":{"start":{"line":81,"column":16},"end":{"line":83,"column":5}},"19":{"start":{"line":82,"column":8},"end":{"line":82,"column":34}},"20":{"start":{"line":85,"column":17},"end":{"line":105,"column":5}},"21":{"start":{"line":86,"column":37},"end":{"line":86,"column":60}},"22":{"start":{"line":87,"column":8},"end":{"line":87,"column":49}},"23":{"start":{"line":88,"column":8},"end":{"line":103,"column":9}},"24":{"start":{"line":89,"column":12},"end":{"line":102,"column":13}},"25":{"start":{"line":89,"column":25},"end":{"line":89,"column":26}},"26":{"start":{"line":90,"column":36},"end":{"line":90,"column":66}},"27":{"start":{"line":91,"column":16},"end":{"line":101,"column":17}},"28":{"start":{"line":92,"column":20},"end":{"line":92,"column":66}},"29":{"start":{"line":94,"column":20},"end":{"line":97,"column":21}},"30":{"start":{"line":95,"column":24},"end":{"line":95,"column":62}},"31":{"start":{"line":96,"column":24},"end":{"line":96,"column":37}},"32":{"start":{"line":98,"column":20},"end":{"line":98,"column":48}},"33":{"start":{"line":99,"column":20},"end":{"line":99,"column":62}},"34":{"start":{"line":100,"column":20},"end":{"line":100,"column":26}},"35":{"start":{"line":104,"column":8},"end":{"line":104,"column":20}},"36":{"start":{"line":107,"column":17},"end":{"line":109,"column":5}},"37":{"start":{"line":108,"column":8},"end":{"line":108,"column":50}},"38":{"start":{"line":111,"column":20},"end":{"line":133,"column":5}},"39":{"start":{"line":112,"column":30},"end":{"line":112,"column":73}},"40":{"start":{"line":113,"column":8},"end":{"line":132,"column":9}},"41":{"start":{"line":114,"column":12},"end":{"line":114,"column":76}},"42":{"start":{"line":117,"column":12},"end":{"line":128,"column":13}},"43":{"start":{"line":118,"column":16},"end":{"line":121,"column":17}},"44":{"start":{"line":119,"column":20},"end":{"line":119,"column":50}},"45":{"start":{"line":120,"column":20},"end":{"line":120,"column":27}},"46":{"start":{"line":122,"column":40},"end":{"line":122,"column":100}},"47":{"start":{"line":123,"column":36},"end":{"line":123,"column":69}},"48":{"start":{"line":124,"column":16},"end":{"line":127,"column":17}},"49":{"start":{"line":125,"column":20},"end":{"line":125,"column":59}},"50":{"start":{"line":126,"column":20},"end":{"line":126,"column":27}},"51":{"start":{"line":129,"column":12},"end":{"line":129,"column":43}},"52":{"start":{"line":130,"column":12},"end":{"line":130,"column":29}},"53":{"start":{"line":131,"column":12},"end":{"line":131,"column":43}},"54":{"start":{"line":134,"column":18},"end":{"line":138,"column":5}},"55":{"start":{"line":135,"column":31},"end":{"line":135,"column":43}},"56":{"start":{"line":136,"column":8},"end":{"line":136,"column":42}},"57":{"start":{"line":137,"column":8},"end":{"line":137,"column":25}},"58":{"start":{"line":141,"column":0},"end":{"line":141,"column":25}}},"fnMap":{"0":{"name":"(anonymous_0)","decl":{"start":{"line":3,"column":4},"end":{"line":3,"column":5}},"loc":{"start":{"line":3,"column":18},"end":{"line":62,"column":5}},"line":3},"1":{"name":"(anonymous_1)","decl":{"start":{"line":63,"column":17},"end":{"line":63,"column":18}},"loc":{"start":{"line":63,"column":23},"end":{"line":70,"column":5}},"line":63},"2":{"name":"(anonymous_2)","decl":{"start":{"line":71,"column":17},"end":{"line":71,"column":18}},"loc":{"start":{"line":71,"column":31},"end":{"line":80,"column":5}},"line":71},"3":{"name":"(anonymous_3)","decl":{"start":{"line":81,"column":16},"end":{"line":81,"column":17}},"loc":{"start":{"line":81,"column":22},"end":{"line":83,"column":5}},"line":81},"4":{"name":"(anonymous_4)","decl":{"start":{"line":85,"column":17},"end":{"line":85,"column":18}},"loc":{"start":{"line":85,"column":39},"end":{"line":105,"column":5}},"line":85},"5":{"name":"(anonymous_5)","decl":{"start":{"line":107,"column":17},"end":{"line":107,"column":18}},"loc":{"start":{"line":107,"column":43},"end":{"line":109,"column":5}},"line":107},"6":{"name":"(anonymous_6)","decl":{"start":{"line":111,"column":20},"end":{"line":111,"column":21}},"loc":{"start":{"line":111,"column":39},"end":{"line":133,"column":5}},"line":111},"7":{"name":"(anonymous_7)","decl":{"start":{"line":134,"column":18},"end":{"line":134,"column":19}},"loc":{"start":{"line":134,"column":24},"end":{"line":138,"column":5}},"line":134}},"branchMap":{"0":{"loc":{"start":{"line":65,"column":8},"end":{"line":67,"column":9}},"type":"if","locations":[{"start":{"line":65,"column":8},"end":{"line":67,"column":9}},{"start":{"line":65,"column":8},"end":{"line":67,"column":9}}],"line":65},"1":{"loc":{"start":{"line":66,"column":29},"end":{"line":66,"column":108}},"type":"cond-expr","locations":[{"start":{"line":66,"column":52},"end":{"line":66,"column":66}},{"start":{"line":66,"column":70},"end":{"line":66,"column":107}}],"line":66},"2":{"loc":{"start":{"line":74,"column":8},"end":{"line":79,"column":9}},"type":"if","locations":[{"start":{"line":74,"column":8},"end":{"line":79,"column":9}},{"start":{"line":74,"column":8},"end":{"line":79,"column":9}}],"line":74},"3":{"loc":{"start":{"line":91,"column":16},"end":{"line":101,"column":17}},"type":"if","locations":[{"start":{"line":91,"column":16},"end":{"line":101,"column":17}},{"start":{"line":91,"column":16},"end":{"line":101,"column":17}}],"line":91},"4":{"loc":{"start":{"line":94,"column":20},"end":{"line":97,"column":21}},"type":"if","locations":[{"start":{"line":94,"column":20},"end":{"line":97,"column":21}},{"start":{"line":94,"column":20},"end":{"line":97,"column":21}}],"line":94},"5":{"loc":{"start":{"line":113,"column":8},"end":{"line":132,"column":9}},"type":"if","locations":[{"start":{"line":113,"column":8},"end":{"line":132,"column":9}},{"start":{"line":113,"column":8},"end":{"line":132,"column":9}}],"line":113},"6":{"loc":{"start":{"line":117,"column":12},"end":{"line":128,"column":13}},"type":"if","locations":[{"start":{"line":117,"column":12},"end":{"line":128,"column":13}},{"start":{"line":117,"column":12},"end":{"line":128,"column":13}}],"line":117},"7":{"loc":{"start":{"line":118,"column":16},"end":{"line":121,"column":17}},"type":"if","locations":[{"start":{"line":118,"column":16},"end":{"line":121,"column":17}},{"start":{"line":118,"column":16},"end":{"line":121,"column":17}}],"line":118},"8":{"loc":{"start":{"line":124,"column":16},"end":{"line":127,"column":17}},"type":"if","locations":[{"start":{"line":124,"column":16},"end":{"line":127,"column":17}},{"start":{"line":124,"column":16},"end":{"line":127,"column":17}}],"line":124}},"s":{"0":27,"1":27,"2":27,"3":27,"4":27,"5":27,"6":27,"7":21,"8":21,"9":10,"10":21,"11":21,"12":27,"13":55,"14":55,"15":4,"16":51,"17":51,"18":27,"19":6,"20":27,"21":9,"22":9,"23":9,"24":13,"25":13,"26":22,"27":22,"28":13,"29":13,"30":4,"31":4,"32":9,"33":9,"34":9,"35":5,"36":27,"37":4,"38":27,"39":17,"40":17,"41":5,"42":12,"43":9,"44":2,"45":2,"46":7,"47":7,"48":7,"49":4,"50":4,"51":6,"52":6,"53":6,"54":27,"55":2,"56":2,"57":2,"58":1},"f":{"0":27,"1":21,"2":55,"3":6,"4":9,"5":4,"6":17,"7":2},"b":{"0":[10,11],"1":[3,7],"2":[4,51],"3":[13,9],"4":[4,9],"5":[5,12],"6":[9,3],"7":[2,7],"8":[4,3]},"_coverageSchema":"1a1c01bbd47fc00a2c39e90264f33305004495a9","hash":"a590323eba0ae645e5ceccdaee5bcdd39edd689f"}
}
