TN:
SF:test-main.js
FN:1,testMain
FNF:1
FNH:1
FNDA:1,testMain
DA:2,1
DA:4,1
LF:2
LH:2
BRF:0
BRH:0
end_of_record
TN:
SF:vending.js
FN:3,(anonymous_0)
FN:63,(anonymous_1)
FN:71,(anonymous_2)
FN:81,(anonymous_3)
FN:85,(anonymous_4)
FN:107,(anonymous_5)
FN:111,(anonymous_6)
FN:134,(anonymous_7)
FNF:8
FNH:8
FNDA:27,(anonymous_0)
FNDA:21,(anonymous_1)
FNDA:55,(anonymous_2)
FNDA:6,(anonymous_3)
FNDA:9,(anonymous_4)
FNDA:4,(anonymous_5)
FNDA:17,(anonymous_6)
FNDA:2,(anonymous_7)
DA:4,27
DA:5,27
DA:20,27
DA:38,27
DA:60,27
DA:61,27
DA:63,27
DA:64,21
DA:65,21
DA:66,10
DA:68,21
DA:69,21
DA:71,27
DA:72,55
DA:74,55
DA:75,4
DA:77,51
DA:78,51
DA:81,27
DA:82,6
DA:85,27
DA:86,9
DA:87,9
DA:88,9
DA:89,13
DA:90,22
DA:91,22
DA:92,13
DA:94,13
DA:95,4
DA:96,4
DA:98,9
DA:99,9
DA:100,9
DA:104,5
DA:107,27
DA:108,4
DA:111,27
DA:112,17
DA:113,17
DA:114,5
DA:117,12
DA:118,9
DA:119,2
DA:120,2
DA:122,7
DA:123,7
DA:124,7
DA:125,4
DA:126,4
DA:129,6
DA:130,6
DA:131,6
DA:134,27
DA:135,2
DA:136,2
DA:137,2
DA:141,1
LF:58
LH:58
BRDA:65,0,0,10
BRDA:65,0,1,11
BRDA:66,1,0,3
BRDA:66,1,1,7
BRDA:74,2,0,4
BRDA:74,2,1,51
BRDA:91,3,0,13
BRDA:91,3,1,9
BRDA:94,4,0,4
BRDA:94,4,1,9
BRDA:113,5,0,5
BRDA:113,5,1,12
BRDA:117,6,0,9
BRDA:117,6,1,3
BRDA:118,7,0,2
BRDA:118,7,1,7
BRDA:124,8,0,4
BRDA:124,8,1,3
BRF:18
BRH:18
end_of_record
